android/capacitor-cordova-android-plugins/build/intermediates/manifest_merge_blame_file/debug/manifest-merger-blame-debug-report.txt
1<?xml version="1.0" encoding="utf-8"?>
2<manifest xmlns:amazon="http://schemas.amazon.com/apk/res/android"
3    xmlns:android="http://schemas.android.com/apk/res/android"
4    package="capacitor.android.plugins" >
5
6    <uses-sdk
7        android:minSdkVersion="21"
7-->src\main\AndroidManifest.xml
8        android:targetSdkVersion="30" />
8-->src\main\AndroidManifest.xml
9
10    <uses-permission android:name="android.permission.WRITE_EXTERNAL_STORAGE" />
10-->src\main\AndroidManifest.xml:47:1-76
10-->src\main\AndroidManifest.xml:47:18-74
11    <uses-permission android:name="android.permission.RECEIVE_BOOT_COMPLETED" />
11-->src\main\AndroidManifest.xml:48:1-76
11-->src\main\AndroidManifest.xml:48:18-74
12    <uses-permission android:name="android.permission.WAKE_LOCK" />
12-->src\main\AndroidManifest.xml:49:1-63
12-->src\main\AndroidManifest.xml:49:18-61
13    <uses-permission
13-->src\main\AndroidManifest.xml:50:1-85
14        android:name="android.permission.CAMERA"
14-->src\main\AndroidManifest.xml:50:18-58
15        android:required="false" />
15-->src\main\AndroidManifest.xml:50:59-83
16
17    <uses-feature
17-->src\main\AndroidManifest.xml:51:1-80
18        android:name="android.hardware.camera"
18-->src\main\AndroidManifest.xml:51:15-53
19        android:required="false" />
19-->src\main\AndroidManifest.xml:51:54-78
20    <uses-feature
20-->src\main\AndroidManifest.xml:52:1-86
21        android:name="android.hardware.camera.front"
21-->src\main\AndroidManifest.xml:52:15-59
22        android:required="false" />
22-->src\main\AndroidManifest.xml:52:60-84
23
24    <uses-permission android:name="android.permission.INTERNET" />
24-->src\main\AndroidManifest.xml:53:1-62
24-->src\main\AndroidManifest.xml:53:18-60
25    <uses-permission android:name="android.permission.ACCESS_NETWORK_STATE" />
25-->src\main\AndroidManifest.xml:54:1-74
25-->src\main\AndroidManifest.xml:54:18-72
26    <uses-permission android:name="android.permission.VIBRATE" />
26-->src\main\AndroidManifest.xml:55:1-61
26-->src\main\AndroidManifest.xml:55:18-59
27
28    <permission
28-->src\main\AndroidManifest.xml:56:1-113
29        android:name="${applicationId}.permission.PushHandlerActivity"
29-->src\main\AndroidManifest.xml:56:13-75
30        android:protectionLevel="signature" />
30-->src\main\AndroidManifest.xml:56:76-111
31    <permission
31-->src\main\AndroidManifest.xml:57:1-119
32        android:name="${applicationId}.permission.BackgroundHandlerActivity"
32-->src\main\AndroidManifest.xml:57:13-81
33        android:protectionLevel="signature" />
33-->src\main\AndroidManifest.xml:57:82-117
34
35    <uses-permission android:name="android.permission.READ_EXTERNAL_STORAGE" />
35-->src\main\AndroidManifest.xml:58:1-75
35-->src\main\AndroidManifest.xml:58:18-73
36    <uses-permission android:name="android.permission.REQUEST_INSTALL_PACKAGES" />
36-->src\main\AndroidManifest.xml:59:1-78
36-->src\main\AndroidManifest.xml:59:18-76
37
38    <queries>
38-->src\main\AndroidManifest.xml:60:1-74:11
39        <intent>
39-->src\main\AndroidManifest.xml:61:3-63:12
40            <action android:name="android.media.action.IMAGE_CAPTURE" />
40-->src\main\AndroidManifest.xml:62:5-64
40-->src\main\AndroidManifest.xml:62:13-62
41        </intent>
42        <intent>
42-->src\main\AndroidManifest.xml:64:3-66:12
43            <action android:name="android.intent.action.GET_CONTENT" />
43-->src\main\AndroidManifest.xml:65:5-63
43-->src\main\AndroidManifest.xml:65:13-61
44        </intent>
45        <intent>
45-->src\main\AndroidManifest.xml:67:3-69:12
46            <action android:name="android.intent.action.PICK" />
46-->src\main\AndroidManifest.xml:68:5-56
46-->src\main\AndroidManifest.xml:68:13-54
47        </intent>
48        <intent>
48-->src\main\AndroidManifest.xml:70:3-73:12
49            <action android:name="com.android.camera.action.CROP" />
49-->src\main\AndroidManifest.xml:71:5-60
49-->src\main\AndroidManifest.xml:71:13-58
50
51            <data
51-->src\main\AndroidManifest.xml:72:5-64
52                android:mimeType="image/*"
52-->src\main\AndroidManifest.xml:72:36-62
53                android:scheme="content" />
53-->src\main\AndroidManifest.xml:72:11-35
54        </intent>
55    </queries>
56
57    <uses-permission android:name="android.permission.ACCESS_COARSE_LOCATION" />
57-->src\main\AndroidManifest.xml:75:1-76
57-->src\main\AndroidManifest.xml:75:18-74
58    <uses-permission android:name="android.permission.ACCESS_FINE_LOCATION" />
58-->src\main\AndroidManifest.xml:76:1-74
58-->src\main\AndroidManifest.xml:76:18-72
59
60    <uses-feature
60-->src\main\AndroidManifest.xml:77:1-85
61        android:name="android.hardware.location.gps"
61-->src\main\AndroidManifest.xml:77:15-59
62        android:required="true" />
62-->src\main\AndroidManifest.xml:77:60-83
63
64    <uses-permission android:name="android.permission.RECORD_AUDIO" />
64-->src\main\AndroidManifest.xml:78:1-66
64-->src\main\AndroidManifest.xml:78:18-64
65    <uses-permission android:name="android.permission.MODIFY_AUDIO_SETTINGS" />
65-->src\main\AndroidManifest.xml:79:1-75
65-->src\main\AndroidManifest.xml:79:18-73
66    <uses-permission android:name="android.permission.READ_PHONE_STATE" />
66-->src\main\AndroidManifest.xml:80:1-70
66-->src\main\AndroidManifest.xml:80:18-68
67    <uses-permission android:name="android.permission.RECORD_VIDEO" />
67-->src\main\AndroidManifest.xml:81:1-66
67-->src\main\AndroidManifest.xml:81:18-64
68    <uses-permission android:name="android.permission.BLUETOOTH" />
68-->src\main\AndroidManifest.xml:82:1-63
68-->src\main\AndroidManifest.xml:82:18-61
69
70    <application>
70-->src\main\AndroidManifest.xml:5:1-46:15
71        <provider
71-->src\main\AndroidManifest.xml:6:1-8:12
72            android:name="de.appplant.cordova.plugin.notification.util.AssetProvider"
72-->src\main\AndroidManifest.xml:6:11-84
73            android:authorities="${applicationId}.localnotifications.provider"
73-->src\main\AndroidManifest.xml:6:85-151
74            android:exported="false"
74-->src\main\AndroidManifest.xml:6:152-176
75            android:grantUriPermissions="true" >
75-->src\main\AndroidManifest.xml:6:177-211
76            <meta-data
76-->src\main\AndroidManifest.xml:7:3-123
77                android:name="android.support.FILE_PROVIDER_PATHS"
77-->src\main\AndroidManifest.xml:7:14-64
78                android:resource="@xml/localnotification_provider_paths" />
78-->src\main\AndroidManifest.xml:7:65-121
79        </provider>
80
81        <receiver
81-->src\main\AndroidManifest.xml:9:1-113
82            android:name="de.appplant.cordova.plugin.localnotification.TriggerReceiver"
82-->src\main\AndroidManifest.xml:9:11-86
83            android:exported="false" />
83-->src\main\AndroidManifest.xml:9:87-111
84        <receiver
84-->src\main\AndroidManifest.xml:10:1-111
85            android:name="de.appplant.cordova.plugin.localnotification.ClearReceiver"
85-->src\main\AndroidManifest.xml:10:11-84
86            android:exported="false" />
86-->src\main\AndroidManifest.xml:10:85-109
87        <receiver
87-->src\main\AndroidManifest.xml:11:1-16:12
88            android:name="de.appplant.cordova.plugin.localnotification.RestoreReceiver"
88-->src\main\AndroidManifest.xml:11:11-86
89            android:directBootAware="true"
89-->src\main\AndroidManifest.xml:11:87-117
90            android:exported="false" >
90-->src\main\AndroidManifest.xml:11:118-142
91            <intent-filter>
91-->src\main\AndroidManifest.xml:12:3-15:19
92                <action android:name="android.intent.action.LOCKED_BOOT_COMPLETED" />
92-->src\main\AndroidManifest.xml:13:5-73
92-->src\main\AndroidManifest.xml:13:13-71
93                <action android:name="android.intent.action.BOOT_COMPLETED" />
93-->src\main\AndroidManifest.xml:14:5-66
93-->src\main\AndroidManifest.xml:14:13-64
94            </intent-filter>
95        </receiver>
96
97        <service
97-->src\main\AndroidManifest.xml:17:1-110
98            android:name="de.appplant.cordova.plugin.localnotification.ClickReceiver"
98-->src\main\AndroidManifest.xml:17:10-83
99            android:exported="false" />
99-->src\main\AndroidManifest.xml:17:84-108
100
101        <activity
101-->src\main\AndroidManifest.xml:18:1-164
102            android:name="com.adobe.phonegap.push.PushHandlerActivity"
102-->src\main\AndroidManifest.xml:18:11-69
103            android:exported="true"
103-->src\main\AndroidManifest.xml:18:70-93
104            android:permission="${applicationId}.permission.PushHandlerActivity" />
104-->src\main\AndroidManifest.xml:18:94-162
105        <activity
105-->src\main\AndroidManifest.xml:19:1-24:12
106            android:name="com.adobe.phonegap.push.BackgroundHandlerActivity"
106-->src\main\AndroidManifest.xml:19:11-75
107            android:exported="true"
107-->src\main\AndroidManifest.xml:19:76-99
108            android:permission="${applicationId}.permission.BackgroundHandlerActivity" >
108-->src\main\AndroidManifest.xml:19:100-174
109            <intent-filter>
109-->src\main\AndroidManifest.xml:20:3-23:19
110                <action android:name="com.adobe.phonegap.push.background.MESSAGING_EVENT" />
110-->src\main\AndroidManifest.xml:21:5-80
110-->src\main\AndroidManifest.xml:21:13-78
111
112                <category android:name="android.intent.category.DEFAULT" />
112-->src\main\AndroidManifest.xml:22:5-63
112-->src\main\AndroidManifest.xml:22:15-61
113            </intent-filter>
114        </activity>
115
116        <receiver android:name="com.adobe.phonegap.push.BackgroundActionButtonHandler" />
116-->src\main\AndroidManifest.xml:25:1-81
116-->src\main\AndroidManifest.xml:25:11-79
117        <receiver android:name="com.adobe.phonegap.push.PushDismissedHandler" />
117-->src\main\AndroidManifest.xml:26:1-72
117-->src\main\AndroidManifest.xml:26:11-70
118
119        <service android:name="com.adobe.phonegap.push.FCMService" >
119-->src\main\AndroidManifest.xml:27:1-31:11
119-->src\main\AndroidManifest.xml:27:10-59
120            <intent-filter>
120-->src\main\AndroidManifest.xml:28:3-30:19
121                <action android:name="com.google.firebase.MESSAGING_EVENT" />
121-->src\main\AndroidManifest.xml:29:5-65
121-->src\main\AndroidManifest.xml:29:13-63
122            </intent-filter>
123        </service>
124        <service android:name="com.adobe.phonegap.push.PushInstanceIDListenerService" >
124-->src\main\AndroidManifest.xml:32:1-36:11
124-->src\main\AndroidManifest.xml:32:10-78
125            <intent-filter>
125-->src\main\AndroidManifest.xml:33:3-35:19
126                <action android:name="com.google.firebase.INSTANCE_ID_EVENT" />
126-->src\main\AndroidManifest.xml:34:5-67
126-->src\main\AndroidManifest.xml:34:13-65
127            </intent-filter>
128        </service>
129
130        <provider
130-->src\main\AndroidManifest.xml:37:1-39:12
131            android:name="com.darryncampbell.cordova.plugin.intent.CordovaPluginIntentFileProvider"
131-->src\main\AndroidManifest.xml:37:11-98
132            android:authorities="${applicationId}.darryncampbell.cordova.plugin.intent.fileprovider"
132-->src\main\AndroidManifest.xml:37:99-187
133            android:exported="false"
133-->src\main\AndroidManifest.xml:37:188-212
134            android:grantUriPermissions="true" >
134-->src\main\AndroidManifest.xml:37:213-247
135            <meta-data
135-->src\main\AndroidManifest.xml:7:3-123
136                android:name="android.support.FILE_PROVIDER_PATHS"
136-->src\main\AndroidManifest.xml:7:14-64
137                android:resource="@xml/provider_paths" />
137-->src\main\AndroidManifest.xml:7:65-121
138        </provider>
139        <provider
139-->src\main\AndroidManifest.xml:40:1-42:12
140            android:name="org.apache.cordova.camera.FileProvider"
140-->src\main\AndroidManifest.xml:40:11-64
141            android:authorities="${applicationId}.cordova.plugin.camera.provider"
141-->src\main\AndroidManifest.xml:40:65-134
142            android:exported="false"
142-->src\main\AndroidManifest.xml:40:135-159
143            android:grantUriPermissions="true" >
143-->src\main\AndroidManifest.xml:40:160-194
144            <meta-data
144-->src\main\AndroidManifest.xml:7:3-123
145                android:name="android.support.FILE_PROVIDER_PATHS"
145-->src\main\AndroidManifest.xml:7:14-64
146                android:resource="@xml/camera_provider_paths" />
146-->src\main\AndroidManifest.xml:7:65-121
147        </provider>
148        <provider
148-->src\main\AndroidManifest.xml:43:1-45:12
149            android:name="io.github.pwlin.cordova.plugins.fileopener2.FileProvider"
149-->src\main\AndroidManifest.xml:43:11-82
150            android:authorities="${applicationId}.fileOpener2.provider"
150-->src\main\AndroidManifest.xml:43:83-142
151            android:exported="false"
151-->src\main\AndroidManifest.xml:43:143-167
152            android:grantUriPermissions="true" >
152-->src\main\AndroidManifest.xml:43:168-202
153            <meta-data
153-->src\main\AndroidManifest.xml:7:3-123
154                android:name="android.support.FILE_PROVIDER_PATHS"
154-->src\main\AndroidManifest.xml:7:14-64
155                android:resource="@xml/opener_paths" />
155-->src\main\AndroidManifest.xml:7:65-121
156        </provider>
157    </application>
158
159</manifest>